Determining if the pthread_create exist failed with the following output:
Change Dir: /home/lyb/projects/ceres_biCubicInterplate/build/CMakeFiles/CMakeTmp

Run Build Command:"/usr/bin/make" "cmTC_4b9f7/fast"
make[1]: Entering directory '/home/lyb/projects/ceres_biCubicInterplate/build/CMakeFiles/CMakeTmp'
/usr/bin/make -f CMakeFiles/cmTC_4b9f7.dir/build.make CMakeFiles/cmTC_4b9f7.dir/build
make[2]: Entering directory '/home/lyb/projects/ceres_biCubicInterplate/build/CMakeFiles/CMakeTmp'
Building C object CMakeFiles/cmTC_4b9f7.dir/CheckSymbolExists.c.o
/usr/bin/cc     -o CMakeFiles/cmTC_4b9f7.dir/CheckSymbolExists.c.o   -c /home/lyb/projects/ceres_biCubicInterplate/build/CMakeFiles/CMakeTmp/CheckSymbolExists.c
Linking C executable cmTC_4b9f7
/usr/bin/cmake -E cmake_link_script CMakeFiles/cmTC_4b9f7.dir/link.txt --verbose=1
/usr/bin/cc       CMakeFiles/cmTC_4b9f7.dir/CheckSymbolExists.c.o  -o cmTC_4b9f7 -rdynamic 
CMakeFiles/cmTC_4b9f7.dir/CheckSymbolExists.c.o: In function `main':
CheckSymbolExists.c:(.text+0x16): undefined reference to `pthread_create'
collect2: error: ld returned 1 exit status
CMakeFiles/cmTC_4b9f7.dir/build.make:97: recipe for target 'cmTC_4b9f7' failed
make[2]: *** [cmTC_4b9f7] Error 1
make[2]: Leaving directory '/home/lyb/projects/ceres_biCubicInterplate/build/CMakeFiles/CMakeTmp'
Makefile:126: recipe for target 'cmTC_4b9f7/fast' failed
make[1]: *** [cmTC_4b9f7/fast] Error 2
make[1]: Leaving directory '/home/lyb/projects/ceres_biCubicInterplate/build/CMakeFiles/CMakeTmp'

File /home/lyb/projects/ceres_biCubicInterplate/build/CMakeFiles/CMakeTmp/CheckSymbolExists.c:
/* */
#include <pthread.h>

int main(int argc, char** argv)
{
  (void)argv;
#ifndef pthread_create
  return ((int*)(&pthread_create))[argc];
#else
  (void)argc;
  return 0;
#endif
}

Determining if the function pthread_create exists in the pthreads failed with the following output:
Change Dir: /home/lyb/projects/ceres_biCubicInterplate/build/CMakeFiles/CMakeTmp

Run Build Command:"/usr/bin/make" "cmTC_ff767/fast"
make[1]: Entering directory '/home/lyb/projects/ceres_biCubicInterplate/build/CMakeFiles/CMakeTmp'
/usr/bin/make -f CMakeFiles/cmTC_ff767.dir/build.make CMakeFiles/cmTC_ff767.dir/build
make[2]: Entering directory '/home/lyb/projects/ceres_biCubicInterplate/build/CMakeFiles/CMakeTmp'
Building C object CMakeFiles/cmTC_ff767.dir/CheckFunctionExists.c.o
/usr/bin/cc    -DCHECK_FUNCTION_EXISTS=pthread_create   -o CMakeFiles/cmTC_ff767.dir/CheckFunctionExists.c.o   -c /usr/share/cmake-3.5/Modules/CheckFunctionExists.c
Linking C executable cmTC_ff767
/usr/bin/cmake -E cmake_link_script CMakeFiles/cmTC_ff767.dir/link.txt --verbose=1
/usr/bin/cc   -DCHECK_FUNCTION_EXISTS=pthread_create    CMakeFiles/cmTC_ff767.dir/CheckFunctionExists.c.o  -o cmTC_ff767 -rdynamic -lpthreads 
/usr/bin/ld: cannot find -lpthreads
collect2: error: ld returned 1 exit status
CMakeFiles/cmTC_ff767.dir/build.make:97: recipe for target 'cmTC_ff767' failed
make[2]: *** [cmTC_ff767] Error 1
make[2]: Leaving directory '/home/lyb/projects/ceres_biCubicInterplate/build/CMakeFiles/CMakeTmp'
Makefile:126: recipe for target 'cmTC_ff767/fast' failed
make[1]: *** [cmTC_ff767/fast] Error 2
make[1]: Leaving directory '/home/lyb/projects/ceres_biCubicInterplate/build/CMakeFiles/CMakeTmp'


